
**** Build of configuration Debug for project gauge_I2C_display ****

"C:\\ti\\ccs1120\\ccs\\utils\\bin\\gmake" -k -j 12 all -O 
 
Building file: "../gauge_lcd_main.c"
Invoking: MSP430 Compiler
"C:/ti/ccs1120/ccs/tools/compiler/ti-cgt-msp430_21.6.0.LTS/bin/cl430" -vmspx --use_hw_mpy=F5 --include_path="C:/ti/ccs1120/ccs/ccs_base/msp430/include" --include_path="C:/Users/lucas/OneDrive/Desktop/ETH/6. Semester/Bachelorarbeit/embedded code/gauge_I2C_display" --include_path="C:/ti/ccs1120/ccs/tools/compiler/ti-cgt-msp430_21.6.0.LTS/include" --advice:power=all --advice:hw_config=all --define=__MSP430FR2433__ -g --printf_support=minimal --diag_warning=225 --diag_wrap=off --display_error_number --silicon_errata=CPU21 --silicon_errata=CPU22 --silicon_errata=CPU40 --preproc_with_compile --preproc_dependency="gauge_lcd_main.d_raw"  "../gauge_lcd_main.c"
"../gauge_lcd_main.c", line 205: remark #1544-D: (ULP 13.1) Detected loop counting up. Recommend loops count down as detecting zeros is easier
"../gauge_lcd_main.c", line 224: remark #1528-D: (ULP 3.1) Detected flag polling using UCA1IFG. Recommend using an interrupt combined with enter LPMx and ISR
"../gauge_lcd_main.c", line 279: remark #1527-D: (ULP 2.1) Detected SW delay loop using __delay_cycles. Recommend using a timer module instead
"../gauge_lcd_main.c", line 313: remark #1527-D: (ULP 2.1) Detected SW delay loop using empty loop. Recommend using a timer module instead
"../gauge_lcd_main.c", line 350: remark #1527-D: (ULP 2.1) Detected SW delay loop using __delay_cycles. Recommend using a timer module instead
"../gauge_lcd_main.c", line 376: remark #1527-D: (ULP 2.1) Detected SW delay loop using __delay_cycles. Recommend using a timer module instead
"../gauge_lcd_main.c", line 444: remark #1535-D: (ULP 8.1) variable "NVM_READ_CMD_SIZE" is used as a constant. Recommend declaring variable as either 'static const' or 'const'
"../gauge_lcd_main.c", line 459: remark #1527-D: (ULP 2.1) Detected SW delay loop using __delay_cycles. Recommend using a timer module instead
"../gauge_lcd_main.c", line 461: remark #1527-D: (ULP 2.1) Detected SW delay loop using __delay_cycles. Recommend using a timer module instead
"../gauge_lcd_main.c", line 483: remark #1544-D: (ULP 13.1) Detected loop counting up. Recommend loops count down as detecting zeros is easier
"../gauge_lcd_main.c", line 490: remark #1544-D: (ULP 13.1) Detected loop counting up. Recommend loops count down as detecting zeros is easier
"../gauge_lcd_main.c", line 496: remark #1542-D: (ULP 12.1) Detected memcpy() and recommend using DMA instead if greater than 100 words being transferred
"../gauge_lcd_main.c", line 498: remark #2553-D: (ULP 14.1) Array index (involving "bytes_per_line") of type "int". Recommend using "unsigned int"
"../gauge_lcd_main.c", line 468: remark #1535-D: (ULP 8.1) variable "bytes_per_line" is used as a constant. Recommend declaring variable as either 'static const' or 'const'
"../gauge_lcd_main.c", line 490: remark #1544-D: (ULP 13.1) Detected loop counting up. Recommend loops count down as detecting zeros is easier
"../gauge_lcd_main.c", line 496: remark #1542-D: (ULP 12.1) Detected memcpy() and recommend using DMA instead if greater than 100 words being transferred
"../gauge_lcd_main.c", line 498: remark #2553-D: (ULP 14.1) Array index (involving "bytes_per_line") of type "int". Recommend using "unsigned int"
"../gauge_lcd_main.c", line 527: remark #1530-D: (ULP 5.1) Detected divide operation(s). Recommend moving them to RAM during run time or not using as these are processing/power intensive
"../gauge_lcd_main.c", line 528: remark #1530-D: (ULP 5.1) Detected modulo operation(s). Recommend moving them to RAM during run time or not using as these are processing/power intensive
"../gauge_lcd_main.c", line 540: remark #1544-D: (ULP 13.1) Detected loop counting up. Recommend loops count down as detecting zeros is easier
"../gauge_lcd_main.c", line 541: remark #1544-D: (ULP 13.1) Detected loop counting up. Recommend loops count down as detecting zeros is easier
"../gauge_lcd_main.c", line 578: remark #1530-D: (ULP 5.1) Detected divide operation(s). Recommend moving them to RAM during run time or not using as these are processing/power intensive
"../gauge_lcd_main.c", line 580: remark #1544-D: (ULP 13.1) Detected loop counting up. Recommend loops count down as detecting zeros is easier
"../gauge_lcd_main.c", line 586: remark #1544-D: (ULP 13.1) Detected loop counting up. Recommend loops count down as detecting zeros is easier
"../gauge_lcd_main.c", line 613: remark #1544-D: (ULP 13.1) Detected loop counting up. Recommend loops count down as detecting zeros is easier
"../gauge_lcd_main.c", line 615: remark #1530-D: (ULP 5.1) Detected modulo operation(s). Recommend moving them to RAM during run time or not using as these are processing/power intensive
"../gauge_lcd_main.c", line 620: remark #1530-D: (ULP 5.1) Detected divide operation(s). Recommend moving them to RAM during run time or not using as these are processing/power intensive
"../gauge_lcd_main.c", line 625: remark #1530-D: (ULP 5.1) Detected divide operation(s). Recommend moving them to RAM during run time or not using as these are processing/power intensive
"../gauge_lcd_main.c", line 633: remark #1530-D: (ULP 5.1) Detected divide operation(s). Recommend moving them to RAM during run time or not using as these are processing/power intensive
"../gauge_lcd_main.c", line 636: remark #1530-D: (ULP 5.1) Detected divide operation(s). Recommend moving them to RAM during run time or not using as these are processing/power intensive
"../gauge_lcd_main.c", line 710: remark #1530-D: (ULP 5.1) Detected divide operation(s). Recommend moving them to RAM during run time or not using as these are processing/power intensive
"../gauge_lcd_main.c", line 819: remark #1527-D: (ULP 2.1) Detected SW delay loop using empty loop. Recommend using a timer module instead
"../gauge_lcd_main.c", line 891: remark #1527-D: (ULP 2.1) Detected SW delay loop using __delay_cycles. Recommend using a timer module instead
"../gauge_lcd_main.c", line 892: remark #1538-D: (ULP 10.1) ISR USCI_A1_ISR calls function SendUCA1Data. Recommend moving function call away from ISR, or inlining the function, or using pragmas
"../gauge_lcd_main.c", line 900: remark #1538-D: (ULP 10.1) ISR USCI_A1_ISR calls function SendUCA1Data. Recommend moving function call away from ISR, or inlining the function, or using pragmas
"../gauge_lcd_main.c", line 909: remark #1538-D: (ULP 10.1) ISR USCI_A1_ISR calls function SendUCA1Data. Recommend moving function call away from ISR, or inlining the function, or using pragmas
"../gauge_lcd_main.c", line 936: remark #1538-D: (ULP 10.1) ISR USCI_A1_ISR calls function SendUCA1Data. Recommend moving function call away from ISR, or inlining the function, or using pragmas
"../gauge_lcd_main.c", line 944: remark #1527-D: (ULP 2.1) Detected SW delay loop using __delay_cycles. Recommend using a timer module instead
"../gauge_lcd_main.c", line 434: remark #1535-D: (ULP 8.1) variable "display_com_mask" is used as a constant. Recommend declaring variable as either 'static const' or 'const'
Finished building: "../gauge_lcd_main.c"
 
Building target: "gauge_I2C_display.out"
Invoking: MSP430 Linker
"C:/ti/ccs1120/ccs/tools/compiler/ti-cgt-msp430_21.6.0.LTS/bin/cl430" -vmspx --use_hw_mpy=F5 --advice:power=all --advice:hw_config=all --define=__MSP430FR2433__ -g --printf_support=minimal --diag_warning=225 --diag_wrap=off --display_error_number --silicon_errata=CPU21 --silicon_errata=CPU22 --silicon_errata=CPU40 -z -m"gauge_I2C_display.map" --heap_size=320 --stack_size=160 --cinit_hold_wdt=on -i"C:/ti/ccs1120/ccs/ccs_base/msp430/include" -i"C:/ti/ccs1120/ccs/ccs_base/msp430/lib/5xx_6xx_FRxx" -i"C:/ti/ccs1120/ccs/tools/compiler/ti-cgt-msp430_21.6.0.LTS/lib" -i"C:/ti/ccs1120/ccs/tools/compiler/ti-cgt-msp430_21.6.0.LTS/include" --reread_libs --diag_wrap=off --display_error_number --warn_sections --xml_link_info="gauge_I2C_display_linkInfo.xml" --use_hw_mpy=F5 --rom_model -o "gauge_I2C_display.out" "./gauge_lcd_main.obj" "../lnk_msp430fr2433.cmd"  -llibmath.a -llibc.a 
<Linking>
remark #10372-D: (ULP 4.1) Detected uninitialized Port B in this project. Recommend initializing all unused ports to eliminate wasted current consumption on unused pins.
Finished building target: "gauge_I2C_display.out"
 

**** Build Finished ****
