
**** Build of configuration Debug for project I2C_new ****

"C:\\ti\\ccs1120\\ccs\\utils\\bin\\gmake" -k -j 12 all -O 
 
Building file: "../I2C_main.c"
Invoking: MSP430 Compiler
"C:/ti/ccs1120/ccs/tools/compiler/ti-cgt-msp430_21.6.0.LTS/bin/cl430" -vmspx --use_hw_mpy=F5 --include_path="C:/ti/ccs1120/ccs/ccs_base/msp430/include" --include_path="C:/Users/lucas/OneDrive/Desktop/ETH/6. Semester/Bachelorarbeit/embedded code/I2C_new" --include_path="C:/ti/ccs1120/ccs/tools/compiler/ti-cgt-msp430_21.6.0.LTS/include" --advice:power="all" --advice:hw_config="all" --define=__MSP430FR2433__ -g --printf_support=minimal --diag_warning=225 --diag_wrap=off --display_error_number --silicon_errata=CPU21 --silicon_errata=CPU22 --silicon_errata=CPU40 --preproc_with_compile --preproc_dependency="I2C_main.d_raw"  "../I2C_main.c"
"../I2C_main.c", line 211: remark #1544-D: (ULP 13.1) Detected loop counting up. Recommend loops count down as detecting zeros is easier
"../I2C_main.c", line 257: remark #1527-D: (ULP 2.1) Detected SW delay loop using empty loop. Recommend using a timer module instead
"../I2C_main.c", line 350: warning #225-D: function "printf" declared implicitly
"../I2C_main.c", line 356: warning #112-D: statement is unreachable
"../I2C_main.c", line 334: remark #1527-D: (ULP 2.1) Detected SW delay loop using __delay_cycles. Recommend using a timer module instead
"../I2C_main.c", line 350: remark #1532-D: (ULP 5.3) Detected printf() operation(s). Recommend moving them to RAM during run time or not using as these are processing/power intensive
"../I2C_main.c", line 334: remark #1527-D: (ULP 2.1) Detected SW delay loop using __delay_cycles. Recommend using a timer module instead
"../I2C_main.c", line 429: remark #1527-D: (ULP 2.1) Detected SW delay loop using empty loop. Recommend using a timer module instead
"../I2C_main.c", line 308 (col. 12): remark #1531-D: (ULP 5.2) Detected floating point operation(s). Recommend moving them to RAM during run time or not using as these are processing/power intensive
Finished building: "../I2C_main.c"
 
Building target: "I2C_new.out"
Invoking: MSP430 Linker
"C:/ti/ccs1120/ccs/tools/compiler/ti-cgt-msp430_21.6.0.LTS/bin/cl430" -vmspx --use_hw_mpy=F5 --advice:power="all" --advice:hw_config="all" --define=__MSP430FR2433__ -g --printf_support=minimal --diag_warning=225 --diag_wrap=off --display_error_number --silicon_errata=CPU21 --silicon_errata=CPU22 --silicon_errata=CPU40 -z -m"I2C_new.map" --heap_size=480 --stack_size=160 --cinit_hold_wdt=on -i"C:/ti/ccs1120/ccs/ccs_base/msp430/include" -i"C:/ti/ccs1120/ccs/ccs_base/msp430/lib/5xx_6xx_FRxx" -i"C:/ti/ccs1120/ccs/tools/compiler/ti-cgt-msp430_21.6.0.LTS/lib" -i"C:/ti/ccs1120/ccs/tools/compiler/ti-cgt-msp430_21.6.0.LTS/include" --reread_libs --diag_wrap=off --display_error_number --warn_sections --xml_link_info="I2C_new_linkInfo.xml" --use_hw_mpy=F5 --rom_model -o "I2C_new.out" "./I2C_main.obj" "../lnk_msp430fr2433.cmd"  -llibmath.a -llibc.a 
<Linking>
warning #10229-D: output section ".data" refers to load symbol "_nop" and hence cannot be compressed; compression "lzss" is ignored
remark #10372-D: (ULP 4.1) Detected uninitialized Port A in this project. Recommend initializing all unused ports to eliminate wasted current consumption on unused pins.
remark #10372-D: (ULP 4.1) Detected uninitialized Port B in this project. Recommend initializing all unused ports to eliminate wasted current consumption on unused pins.
Finished building target: "I2C_new.out"
 

**** Build Finished ****
