
**** Build of configuration Debug for project SmartStartUp ****

"C:\\ti\\ccs1120\\ccs\\utils\\bin\\gmake" -k -j 12 all -O 
 
Building file: "../SmartStartUp_main.c"
Invoking: MSP430 Compiler
"C:/ti/ccs1120/ccs/tools/compiler/ti-cgt-msp430_21.6.0.LTS/bin/cl430" -vmspx --use_hw_mpy=F5 --include_path="C:/ti/ccs1120/ccs/ccs_base/msp430/include" --include_path="C:/Users/lucas/OneDrive/Desktop/ETH/6. Semester/Bachelorarbeit/embedded code/SmartStartUp" --include_path="C:/ti/ccs1120/ccs/tools/compiler/ti-cgt-msp430_21.6.0.LTS/include" --advice:power=all --advice:hw_config=all --define=__MSP430FR2433__ -g --printf_support=minimal --diag_warning=225 --diag_wrap=off --display_error_number --silicon_errata=CPU21 --silicon_errata=CPU22 --silicon_errata=CPU40 --preproc_with_compile --preproc_dependency="SmartStartUp_main.d_raw"  "../SmartStartUp_main.c"
"C:/ti/ccs1120/ccs/tools/compiler/ti-cgt-msp430_21.6.0.LTS/include/stdbool.h", line 48: warning #48-D: incompatible redefinition of macro "bool" (declared at line 79 of "..\sensirion_config.h")
"../SmartStartUp_main.c", line 172: remark #1527-D: (ULP 2.1) Detected SW delay loop using empty loop. Recommend using a timer module instead
"../SmartStartUp_main.c", line 197: remark #1527-D: (ULP 2.1) Detected SW delay loop using __delay_cycles. Recommend using a timer module instead
"../SmartStartUp_main.c", line 223: remark #1527-D: (ULP 2.1) Detected SW delay loop using __delay_cycles. Recommend using a timer module instead
"../SmartStartUp_main.c", line 286: remark #1527-D: (ULP 2.1) Detected SW delay loop using __delay_cycles. Recommend using a timer module instead
"../SmartStartUp_main.c", line 414: remark #1527-D: (ULP 2.1) Detected SW delay loop using empty loop. Recommend using a timer module instead
Finished building: "../SmartStartUp_main.c"
 
Building target: "SmartStartUp.out"
Invoking: MSP430 Linker
"C:/ti/ccs1120/ccs/tools/compiler/ti-cgt-msp430_21.6.0.LTS/bin/cl430" -vmspx --use_hw_mpy=F5 --advice:power=all --advice:hw_config=all --define=__MSP430FR2433__ -g --printf_support=minimal --diag_warning=225 --diag_wrap=off --display_error_number --silicon_errata=CPU21 --silicon_errata=CPU22 --silicon_errata=CPU40 -z -m"SmartStartUp.map" --heap_size=160 --stack_size=160 --cinit_hold_wdt=on -i"C:/ti/ccs1120/ccs/ccs_base/msp430/include" -i"C:/ti/ccs1120/ccs/ccs_base/msp430/lib/5xx_6xx_FRxx" -i"C:/ti/ccs1120/ccs/tools/compiler/ti-cgt-msp430_21.6.0.LTS/lib" -i"C:/ti/ccs1120/ccs/tools/compiler/ti-cgt-msp430_21.6.0.LTS/include" --reread_libs --diag_wrap=off --display_error_number --warn_sections --xml_link_info="SmartStartUp_linkInfo.xml" --use_hw_mpy=F5 --rom_model -o "SmartStartUp.out" "./SmartStartUp_main.obj" "./sensirion_common.obj" "./sensirion_i2c.obj" "./sensirion_i2c_hal.obj" "./stc3x_i2c.obj" "../lnk_msp430fr2433.cmd"  -llibmath.a -llibc.a 
<Linking>
remark #10372-D: (ULP 4.1) Detected uninitialized Port A in this project. Recommend initializing all unused ports to eliminate wasted current consumption on unused pins.
remark #10372-D: (ULP 4.1) Detected uninitialized Port B in this project. Recommend initializing all unused ports to eliminate wasted current consumption on unused pins.
Finished building target: "SmartStartUp.out"
 

**** Build Finished ****
