
**** Build of configuration Debug for project STC31 ****

"C:\\ti\\ccs1120\\ccs\\utils\\bin\\gmake" -k -j 12 all -O 
 
Building file: "../stc3x_i2c_example_usage.c"
Invoking: MSP430 Compiler
"C:/ti/ccs1120/ccs/tools/compiler/ti-cgt-msp430_21.6.0.LTS/bin/cl430" -vmspx --use_hw_mpy=F5 --include_path="C:/ti/ccs1120/ccs/ccs_base/msp430/include" --include_path="C:/Users/lucas/OneDrive/Desktop/ETH/6. Semester/Bachelorarbeit/embedded code/STC31" --include_path="C:/ti/ccs1120/ccs/tools/compiler/ti-cgt-msp430_21.6.0.LTS/include" --advice:power=all --advice:hw_config=all --define=__MSP430FR2433__ -g --printf_support=minimal --diag_warning=225 --diag_wrap=off --display_error_number --silicon_errata=CPU21 --silicon_errata=CPU22 --silicon_errata=CPU40 --preproc_with_compile --preproc_dependency="stc3x_i2c_example_usage.d_raw"  "../stc3x_i2c_example_usage.c"
"C:/ti/ccs1120/ccs/tools/compiler/ti-cgt-msp430_21.6.0.LTS/include/stdbool.h", line 48: warning #48-D: incompatible redefinition of macro "bool" (declared at line 79 of "..\sensirion_config.h")
"../stc3x_i2c_example_usage.c", line 75: remark #1527-D: (ULP 2.1) Detected SW delay loop using empty loop. Recommend using a timer module instead
"../stc3x_i2c_example_usage.c", line 162: warning #112-D: statement is unreachable
"../stc3x_i2c_example_usage.c", line 112: warning #552-D: variable "gas" was set but never used
"../stc3x_i2c_example_usage.c", line 113: warning #552-D: variable "temperature" was set but never used
"../stc3x_i2c_example_usage.c", line 107: remark #1527-D: (ULP 2.1) Detected SW delay loop using __delay_cycles. Recommend using a timer module instead
"../stc3x_i2c_example_usage.c", line 146: remark #1530-D: (ULP 5.1) Detected divide operation(s). Recommend moving them to RAM during run time or not using as these are processing/power intensive
"../stc3x_i2c_example_usage.c", line 147: remark #1530-D: (ULP 5.1) Detected divide operation(s). Recommend moving them to RAM during run time or not using as these are processing/power intensive
"../stc3x_i2c_example_usage.c", line 151: remark #1527-D: (ULP 2.1) Detected SW delay loop using __delay_cycles. Recommend using a timer module instead
"../stc3x_i2c_example_usage.c", line 151: remark #1527-D: (ULP 2.1) Detected SW delay loop using __delay_cycles. Recommend using a timer module instead
"../stc3x_i2c_example_usage.c", line 126: remark #1535-D: (ULP 8.1) variable "relative_humidity_ticks" is used as a constant. Recommend declaring variable as either 'static const' or 'const'
"../stc3x_i2c_example_usage.c", line 133: remark #1535-D: (ULP 8.1) variable "absolute_pressure" is used as a constant. Recommend declaring variable as either 'static const' or 'const'
"../stc3x_i2c_example_usage.c", line 146 (col. 17): remark #1531-D: (ULP 5.2) Detected floating point operation(s). Recommend moving them to RAM during run time or not using as these are processing/power intensive
"../stc3x_i2c_example_usage.c", line 147 (col. 25): remark #1531-D: (ULP 5.2) Detected floating point operation(s). Recommend moving them to RAM during run time or not using as these are processing/power intensive
Finished building: "../stc3x_i2c_example_usage.c"
 
Building target: "STC31.out"
Invoking: MSP430 Linker
"C:/ti/ccs1120/ccs/tools/compiler/ti-cgt-msp430_21.6.0.LTS/bin/cl430" -vmspx --use_hw_mpy=F5 --advice:power=all --advice:hw_config=all --define=__MSP430FR2433__ -g --printf_support=minimal --diag_warning=225 --diag_wrap=off --display_error_number --silicon_errata=CPU21 --silicon_errata=CPU22 --silicon_errata=CPU40 -z -m"STC31.map" --heap_size=160 --stack_size=160 --cinit_hold_wdt=on -i"C:/ti/ccs1120/ccs/ccs_base/msp430/include" -i"C:/ti/ccs1120/ccs/ccs_base/msp430/lib/5xx_6xx_FRxx" -i"C:/ti/ccs1120/ccs/tools/compiler/ti-cgt-msp430_21.6.0.LTS/lib" -i"C:/ti/ccs1120/ccs/tools/compiler/ti-cgt-msp430_21.6.0.LTS/include" --reread_libs --diag_wrap=off --display_error_number --warn_sections --xml_link_info="STC31_linkInfo.xml" --use_hw_mpy=F5 --rom_model -o "STC31.out" "./sensirion_common.obj" "./sensirion_i2c.obj" "./sensirion_i2c_hal.obj" "./stc3x_i2c.obj" "./stc3x_i2c_example_usage.obj" "../lnk_msp430fr2433.cmd"  -llibmath.a -llibc.a 
<Linking>
remark #10372-D: (ULP 4.1) Detected uninitialized Port A in this project. Recommend initializing all unused ports to eliminate wasted current consumption on unused pins.
remark #10372-D: (ULP 4.1) Detected uninitialized Port B in this project. Recommend initializing all unused ports to eliminate wasted current consumption on unused pins.
Finished building target: "STC31.out"
 

**** Build Finished ****
